Started GET "/" for 127.0.0.1 at 2018-04-05 20:19:50 -0400
Processing by Rails::WelcomeController#index as HTML
  Rendering /Users/coynes/.rvm/gems/ruby-2.4.1/gems/railties-5.1.6/lib/rails/templates/rails/welcome/index.html.erb
  Rendered /Users/coynes/.rvm/gems/ruby-2.4.1/gems/railties-5.1.6/lib/rails/templates/rails/welcome/index.html.erb (3.6ms)
Completed 200 OK in 211ms (Views: 10.3ms)


Started GET "/" for 127.0.0.1 at 2018-04-05 20:21:07 -0400
Processing by Rails::WelcomeController#index as HTML
  Rendering /Users/coynes/.rvm/gems/ruby-2.4.1/gems/railties-5.1.6/lib/rails/templates/rails/welcome/index.html.erb
  Rendered /Users/coynes/.rvm/gems/ruby-2.4.1/gems/railties-5.1.6/lib/rails/templates/rails/welcome/index.html.erb (2.7ms)
Completed 200 OK in 8ms (Views: 5.1ms)


Started GET "/" for 127.0.0.1 at 2018-04-06 09:59:20 -0400
Processing by Rails::WelcomeController#index as HTML
  Rendering /Users/coynes/.rvm/gems/ruby-2.4.1/gems/railties-5.1.6/lib/rails/templates/rails/welcome/index.html.erb
  Rendered /Users/coynes/.rvm/gems/ruby-2.4.1/gems/railties-5.1.6/lib/rails/templates/rails/welcome/index.html.erb (3.4ms)
Completed 200 OK in 194ms (Views: 9.6ms)


Started GET "/" for 127.0.0.1 at 2018-04-06 09:59:25 -0400
Processing by Rails::WelcomeController#index as HTML
  Rendering /Users/coynes/.rvm/gems/ruby-2.4.1/gems/railties-5.1.6/lib/rails/templates/rails/welcome/index.html.erb
  Rendered /Users/coynes/.rvm/gems/ruby-2.4.1/gems/railties-5.1.6/lib/rails/templates/rails/welcome/index.html.erb (2.2ms)
Completed 200 OK in 8ms (Views: 5.3ms)


Started GET "/" for 127.0.0.1 at 2018-04-06 09:59:28 -0400
Processing by Rails::WelcomeController#index as HTML
  Rendering /Users/coynes/.rvm/gems/ruby-2.4.1/gems/railties-5.1.6/lib/rails/templates/rails/welcome/index.html.erb
  Rendered /Users/coynes/.rvm/gems/ruby-2.4.1/gems/railties-5.1.6/lib/rails/templates/rails/welcome/index.html.erb (2.2ms)
Completed 200 OK in 8ms (Views: 5.0ms)


Started GET "/welcome/about" for 127.0.0.1 at 2018-04-06 09:59:55 -0400
Processing by WelcomeController#about as HTML
  Rendering welcome/about.html.erb within layouts/application
  Rendered welcome/about.html.erb within layouts/application (0.5ms)
Completed 200 OK in 288ms (Views: 285.9ms)


Started GET "/" for 127.0.0.1 at 2018-04-06 10:03:37 -0400
Processing by WelcomeController#index as HTML
  Rendering welcome/index.html.erb within layouts/application
  Rendered welcome/index.html.erb within layouts/application (0.6ms)
Completed 200 OK in 29ms (Views: 25.5ms)


